<?xml version="1.0" encoding="UTF-8"?>
<!-- Generated by org.testng.reporters.JUnitReportReporter -->
<testsuite hostname="DESKTOP-VCK713F" failures="0" tests="1" name="test.pss" time="6.962" errors="0" timestamp="2022-08-24T15:43:22 IST" skipped="0">
  <testcase classname="test.pss" name="setup" time="6.962"/>
  <system-out>
    <![CDATA[CDwindow-9804332B5D4C6CD8EDA1244E88B50D3F
CDwindow-9804332B5D4C6CD8EDA1244E88B50D3F
CDwindow-3513D8005007370FFEFF203B23DEBE10]]>
  </system-out>
</testsuite> <!-- test.pss -->
