<?xml version="1.0" encoding="UTF-8"?>
<!-- Generated by org.testng.reporters.JUnitReportReporter -->
<testsuite hostname="DESKTOP-VCK713F" failures="0" tests="1" name="test.test" time="7.649" errors="0" timestamp="2022-09-26T16:44:25 IST" skipped="0">
  <testcase classname="test.test" name="setup" time="7.649"/>
  <system-out/>
</testsuite> <!-- test.test -->
