<?xml version="1.0" encoding="UTF-8"?>
<!-- Generated by org.testng.reporters.JUnitReportReporter -->
<testsuite hostname="DESKTOP-VCK713F" failures="0" tests="1" name="test.te123" time="4.751" errors="0" timestamp="2022-08-24T16:32:58 IST" skipped="0">
  <testcase classname="test.te123" name="set" time="4.751"/>
  <system-out/>
</testsuite> <!-- test.te123 -->
